13:07:58.848 [main] INFO  api.test.UserTests - ********* Create User ************
13:08:03.641 [main] INFO  api.test.UserTests - ********* Read User ************
13:08:04.909 [main] INFO  api.test.UserTests - ********* Update User ************
13:08:07.394 [main] INFO  api.test.UserTests - ********* Delete User ************
13:30:06.691 [main] INFO  api.test.UserTests - ********* Create User ************
13:30:11.949 [main] INFO  api.test.UserTests - ********* Read User ************
13:30:13.237 [main] INFO  api.test.UserTests - ********* Update User ************
13:30:15.795 [main] INFO  api.test.UserTests - ********* Delete User ************
13:30:17.300 [main] INFO  api.test.UserTests2 - ********* Create User ************
13:30:18.591 [main] INFO  api.test.UserTests2 - ********* Read User ************
13:30:19.821 [main] INFO  api.test.UserTests2 - ********* Update User ************
13:30:22.446 [main] INFO  api.test.UserTests2 - ********* Delete User ************
14:51:20.918 [main] INFO  api.test.UserTests - ********* Create User ************
14:51:26.143 [main] INFO  api.test.UserTests - ********* Read User ************
14:51:27.461 [main] INFO  api.test.UserTests - ********* Update User ************
14:51:29.888 [main] INFO  api.test.UserTests - ********* Delete User ************
14:51:31.197 [main] INFO  api.test.UserTests2 - ********* Create User ************
14:51:32.452 [main] INFO  api.test.UserTests2 - ********* Read User ************
14:51:33.657 [main] INFO  api.test.UserTests2 - ********* Update User ************
14:51:36.130 [main] INFO  api.test.UserTests2 - ********* Delete User ************
15:00:04.142 [main] INFO  api.test.UserTests - ********* Create User ************
15:00:08.548 [main] INFO  api.test.UserTests - ********* Read User ************
15:00:09.772 [main] INFO  api.test.UserTests - ********* Update User ************
15:00:12.178 [main] INFO  api.test.UserTests - ********* Delete User ************
15:00:13.572 [main] INFO  api.test.UserTests2 - ********* Create User ************
15:00:14.801 [main] INFO  api.test.UserTests2 - ********* Read User ************
15:00:15.986 [main] INFO  api.test.UserTests2 - ********* Update User ************
15:00:18.405 [main] INFO  api.test.UserTests2 - ********* Delete User ************
